2018-11-13 18:12:09.626  INFO 22332 --- [main] com.wzzm.login.LoginApplication          : Starting LoginApplication on LAPTOP-CN3FPRD6 with PID 22332 (E:\ideaWorkSpace\huayunya\login\target\classes started by 常帅 in E:\ideaWorkSpace\huayunya)
2018-11-13 18:12:09.627  INFO 22332 --- [main] com.wzzm.login.LoginApplication          : The following profiles are active: dev
2018-11-13 18:12:10.684  WARN 22332 --- [main] o.m.s.mapper.ClassPathMapperScanner      : No MyBatis mapper was found in '[com.wzzm.login]' package. Please check your configuration.
2018-11-13 18:12:10.989  INFO 22332 --- [main] trationDelegate$BeanPostProcessorChecker : Bean 'org.springframework.transaction.annotation.ProxyTransactionManagementConfiguration' of type [org.springframework.transaction.annotation.ProxyTransactionManagementConfiguration$$EnhancerBySpringCGLIB$$6c188849] is not eligible for getting processed by all BeanPostProcessors (for example: not eligible for auto-proxying)
2018-11-13 18:12:11.319  INFO 22332 --- [main] o.s.b.w.embedded.tomcat.TomcatWebServer  : Tomcat initialized with port(s): 8080 (http)
2018-11-13 18:12:11.334  INFO 22332 --- [main] o.apache.catalina.core.StandardService   : Starting service [Tomcat]
2018-11-13 18:12:11.335  INFO 22332 --- [main] org.apache.catalina.core.StandardEngine  : Starting Servlet Engine: Apache Tomcat/9.0.12
2018-11-13 18:12:11.341  INFO 22332 --- [main] o.a.catalina.core.AprLifecycleListener   : The APR based Apache Tomcat Native library which allows optimal performance in production environments was not found on the java.library.path: [C:\Program Files\Java\jdk1.8.0_181\bin;C:\WINDOWS\Sun\Java\bin;C:\WINDOWS\system32;C:\WINDOWS;C:\Program Files (x86)\Common Files\Oracle\Java\javapath;%JAVA_HOME%\bin;%JAVA_HOME%\jre\bin;C:\Program Files (x86)\Intel\iCLS Client\;C:\Program Files\Intel\iCLS Client\;C:\Windows\system32;C:\Windows;C:\Windows\System32\Wbem;C:\Windows\System32\WindowsPowerShell\v1.0\;C:\Program Files (x86)\Intel\Intel(R) Management Engine Components\DAL;C:\Program Files\Intel\Intel(R) Management Engine Components\DAL;C:\Program Files (x86)\Intel\Intel(R) Management Engine Components\IPT;C:\Program Files\Intel\Intel(R) Management Engine Components\IPT;C:\Program Files (x86)\NVIDIA Corporation\PhysX\Common;C:\Program Files\Intel\WiFi\bin\;C:\Program Files\Common Files\Intel\WirelessCommon\;D:\Vscode\Microsoft VS Code\bin;C:\WINDOWS\system32;C:\WINDOWS;C:\WINDOWS\System32\Wbem;C:\WINDOWS\System32\WindowsPowerShell\v1.0\;C:\WINDOWS\System32\OpenSSH\;C:\Program Files\MySQL\MySQL Server 5.5\bin;D:\apache-maven-3.5.4\bin;D:\SVN\bin;D:\SVN server\bin;C:\Users\常帅\AppData\Local\Microsoft\WindowsApps;C:\Program Files (x86)\SSH Communications Security\SSH Secure Shell;C:\Users\常帅\AppData\Local\GitHubDesktop\bin;.]
2018-11-13 18:12:11.471  INFO 22332 --- [main] o.a.c.c.C.[Tomcat].[localhost].[/]       : Initializing Spring embedded WebApplicationContext
2018-11-13 18:12:11.472  INFO 22332 --- [main] o.s.web.context.ContextLoader            : Root WebApplicationContext: initialization completed in 1767 ms
2018-11-13 18:12:11.503  INFO 22332 --- [main] o.s.b.w.servlet.ServletRegistrationBean  : Servlet dispatcherServlet mapped to [/]
2018-11-13 18:12:11.507  INFO 22332 --- [main] o.s.b.w.servlet.FilterRegistrationBean   : Mapping filter: 'characterEncodingFilter' to: [/*]
2018-11-13 18:12:11.508  INFO 22332 --- [main] o.s.b.w.servlet.FilterRegistrationBean   : Mapping filter: 'hiddenHttpMethodFilter' to: [/*]
2018-11-13 18:12:11.508  INFO 22332 --- [main] o.s.b.w.servlet.FilterRegistrationBean   : Mapping filter: 'formContentFilter' to: [/*]
2018-11-13 18:12:11.508  INFO 22332 --- [main] o.s.b.w.servlet.FilterRegistrationBean   : Mapping filter: 'requestContextFilter' to: [/*]
2018-11-13 18:12:11.880  INFO 22332 --- [main] pertySourcedRequestMappingHandlerMapping : Mapped URL path [/v2/api-docs] onto method [public org.springframework.http.ResponseEntity<springfox.documentation.spring.web.json.Json> springfox.documentation.swagger2.web.Swagger2Controller.getDocumentation(java.lang.String,javax.servlet.http.HttpServletRequest)]
2018-11-13 18:12:12.021  INFO 22332 --- [main] o.s.s.concurrent.ThreadPoolTaskExecutor  : Initializing ExecutorService 'applicationTaskExecutor'
2018-11-13 18:12:12.454  INFO 22332 --- [main] d.s.w.p.DocumentationPluginsBootstrapper : Context refreshed
2018-11-13 18:12:12.472  INFO 22332 --- [main] d.s.w.p.DocumentationPluginsBootstrapper : Found 1 custom documentation plugin(s)
2018-11-13 18:12:12.502  INFO 22332 --- [main] s.d.s.w.s.ApiListingReferenceScanner     : Scanning for api listing references
2018-11-13 18:12:12.546  INFO 22332 --- [main] o.s.b.w.embedded.tomcat.TomcatWebServer  : Tomcat started on port(s): 8080 (http) with context path ''
2018-11-13 18:12:12.551  INFO 22332 --- [main] com.wzzm.login.LoginApplication          : Started LoginApplication in 3.477 seconds (JVM running for 4.845)
2018-11-13 18:12:12.553  INFO 22332 --- [main] com.wzzm.login.LoginApplication          : SpringBoot加载完毕
2018-11-13 18:12:58.496  INFO 13216 --- [main] com.wzzm.login.LoginApplication          : Starting LoginApplication on LAPTOP-CN3FPRD6 with PID 13216 (E:\ideaWorkSpace\huayunya\login\target\classes started by 常帅 in E:\ideaWorkSpace\huayunya)
2018-11-13 18:12:58.509  INFO 13216 --- [main] com.wzzm.login.LoginApplication          : The following profiles are active: dev
2018-11-13 18:13:00.062  INFO 13216 --- [main] trationDelegate$BeanPostProcessorChecker : Bean 'org.springframework.transaction.annotation.ProxyTransactionManagementConfiguration' of type [org.springframework.transaction.annotation.ProxyTransactionManagementConfiguration$$EnhancerBySpringCGLIB$$dd92bfc6] is not eligible for getting processed by all BeanPostProcessors (for example: not eligible for auto-proxying)
2018-11-13 18:13:00.402  INFO 13216 --- [main] o.s.b.w.embedded.tomcat.TomcatWebServer  : Tomcat initialized with port(s): 8080 (http)
2018-11-13 18:13:00.418  INFO 13216 --- [main] o.apache.catalina.core.StandardService   : Starting service [Tomcat]
2018-11-13 18:13:00.419  INFO 13216 --- [main] org.apache.catalina.core.StandardEngine  : Starting Servlet Engine: Apache Tomcat/9.0.12
2018-11-13 18:13:00.426  INFO 13216 --- [main] o.a.catalina.core.AprLifecycleListener   : The APR based Apache Tomcat Native library which allows optimal performance in production environments was not found on the java.library.path: [C:\Program Files\Java\jdk1.8.0_181\bin;C:\WINDOWS\Sun\Java\bin;C:\WINDOWS\system32;C:\WINDOWS;C:\Program Files (x86)\Common Files\Oracle\Java\javapath;%JAVA_HOME%\bin;%JAVA_HOME%\jre\bin;C:\Program Files (x86)\Intel\iCLS Client\;C:\Program Files\Intel\iCLS Client\;C:\Windows\system32;C:\Windows;C:\Windows\System32\Wbem;C:\Windows\System32\WindowsPowerShell\v1.0\;C:\Program Files (x86)\Intel\Intel(R) Management Engine Components\DAL;C:\Program Files\Intel\Intel(R) Management Engine Components\DAL;C:\Program Files (x86)\Intel\Intel(R) Management Engine Components\IPT;C:\Program Files\Intel\Intel(R) Management Engine Components\IPT;C:\Program Files (x86)\NVIDIA Corporation\PhysX\Common;C:\Program Files\Intel\WiFi\bin\;C:\Program Files\Common Files\Intel\WirelessCommon\;D:\Vscode\Microsoft VS Code\bin;C:\WINDOWS\system32;C:\WINDOWS;C:\WINDOWS\System32\Wbem;C:\WINDOWS\System32\WindowsPowerShell\v1.0\;C:\WINDOWS\System32\OpenSSH\;C:\Program Files\MySQL\MySQL Server 5.5\bin;D:\apache-maven-3.5.4\bin;D:\SVN\bin;D:\SVN server\bin;C:\Users\常帅\AppData\Local\Microsoft\WindowsApps;C:\Program Files (x86)\SSH Communications Security\SSH Secure Shell;C:\Users\常帅\AppData\Local\GitHubDesktop\bin;.]
2018-11-13 18:13:00.570  INFO 13216 --- [main] o.a.c.c.C.[Tomcat].[localhost].[/]       : Initializing Spring embedded WebApplicationContext
2018-11-13 18:13:00.570  INFO 13216 --- [main] o.s.web.context.ContextLoader            : Root WebApplicationContext: initialization completed in 2007 ms
2018-11-13 18:13:00.598  INFO 13216 --- [main] o.s.b.w.servlet.ServletRegistrationBean  : Servlet dispatcherServlet mapped to [/]
2018-11-13 18:13:00.604  INFO 13216 --- [main] o.s.b.w.servlet.FilterRegistrationBean   : Mapping filter: 'characterEncodingFilter' to: [/*]
2018-11-13 18:13:00.605  INFO 13216 --- [main] o.s.b.w.servlet.FilterRegistrationBean   : Mapping filter: 'hiddenHttpMethodFilter' to: [/*]
2018-11-13 18:13:00.607  INFO 13216 --- [main] o.s.b.w.servlet.FilterRegistrationBean   : Mapping filter: 'formContentFilter' to: [/*]
2018-11-13 18:13:00.607  INFO 13216 --- [main] o.s.b.w.servlet.FilterRegistrationBean   : Mapping filter: 'requestContextFilter' to: [/*]
2018-11-13 18:13:01.332  INFO 13216 --- [main] pertySourcedRequestMappingHandlerMapping : Mapped URL path [/v2/api-docs] onto method [public org.springframework.http.ResponseEntity<springfox.documentation.spring.web.json.Json> springfox.documentation.swagger2.web.Swagger2Controller.getDocumentation(java.lang.String,javax.servlet.http.HttpServletRequest)]
2018-11-13 18:13:01.463  INFO 13216 --- [main] o.s.s.concurrent.ThreadPoolTaskExecutor  : Initializing ExecutorService 'applicationTaskExecutor'
2018-11-13 18:13:01.665  INFO 13216 --- [main] d.s.w.p.DocumentationPluginsBootstrapper : Context refreshed
2018-11-13 18:13:01.684  INFO 13216 --- [main] d.s.w.p.DocumentationPluginsBootstrapper : Found 1 custom documentation plugin(s)
2018-11-13 18:13:01.714  INFO 13216 --- [main] s.d.s.w.s.ApiListingReferenceScanner     : Scanning for api listing references
2018-11-13 18:13:01.858  INFO 13216 --- [main] o.s.b.w.embedded.tomcat.TomcatWebServer  : Tomcat started on port(s): 8080 (http) with context path ''
2018-11-13 18:13:01.863  INFO 13216 --- [main] com.wzzm.login.LoginApplication          : Started LoginApplication in 3.935 seconds (JVM running for 5.26)
2018-11-13 18:13:01.866  INFO 13216 --- [main] com.wzzm.login.LoginApplication          : SpringBoot加载完毕
2018-11-13 18:13:06.337  INFO 13216 --- [http-nio-8080-exec-1] o.a.c.c.C.[Tomcat].[localhost].[/]       : Initializing Spring DispatcherServlet 'dispatcherServlet'
2018-11-13 18:13:06.338  INFO 13216 --- [http-nio-8080-exec-1] o.s.web.servlet.DispatcherServlet        : Initializing Servlet 'dispatcherServlet'
2018-11-13 18:13:06.348  INFO 13216 --- [http-nio-8080-exec-1] o.s.web.servlet.DispatcherServlet        : Completed initialization in 10 ms
2018-11-13 18:13:06.403  INFO 13216 --- [http-nio-8080-exec-1] com.zaxxer.hikari.HikariDataSource       : HikariPool-1 - Starting...
2018-11-13 18:13:06.921  INFO 13216 --- [http-nio-8080-exec-1] com.zaxxer.hikari.HikariDataSource       : HikariPool-1 - Start completed.
2018-11-13 18:31:45.792  INFO 17260 --- [main] com.wzzm.order.OrderApplication          : Starting OrderApplication on LAPTOP-CN3FPRD6 with PID 17260 (E:\ideaWorkSpace\huayunya\order\target\classes started by 常帅 in E:\ideaWorkSpace\huayunya)
2018-11-13 18:31:45.793  INFO 17260 --- [main] com.wzzm.order.OrderApplication          : The following profiles are active: dev
2018-11-13 18:31:46.890  WARN 17260 --- [main] o.m.s.mapper.ClassPathMapperScanner      : No MyBatis mapper was found in '[com.wzzm.order]' package. Please check your configuration.
2018-11-13 18:31:47.168  INFO 17260 --- [main] trationDelegate$BeanPostProcessorChecker : Bean 'org.springframework.transaction.annotation.ProxyTransactionManagementConfiguration' of type [org.springframework.transaction.annotation.ProxyTransactionManagementConfiguration$$EnhancerBySpringCGLIB$$ece02cbe] is not eligible for getting processed by all BeanPostProcessors (for example: not eligible for auto-proxying)
2018-11-13 18:31:47.510  INFO 17260 --- [main] o.s.b.w.embedded.tomcat.TomcatWebServer  : Tomcat initialized with port(s): 8080 (http)
2018-11-13 18:31:47.527  INFO 17260 --- [main] o.apache.catalina.core.StandardService   : Starting service [Tomcat]
2018-11-13 18:31:47.528  INFO 17260 --- [main] org.apache.catalina.core.StandardEngine  : Starting Servlet Engine: Apache Tomcat/9.0.12
2018-11-13 18:31:47.537  INFO 17260 --- [main] o.a.catalina.core.AprLifecycleListener   : The APR based Apache Tomcat Native library which allows optimal performance in production environments was not found on the java.library.path: [C:\Program Files\Java\jdk1.8.0_181\bin;C:\WINDOWS\Sun\Java\bin;C:\WINDOWS\system32;C:\WINDOWS;C:\Program Files (x86)\Common Files\Oracle\Java\javapath;%JAVA_HOME%\bin;%JAVA_HOME%\jre\bin;C:\Program Files (x86)\Intel\iCLS Client\;C:\Program Files\Intel\iCLS Client\;C:\Windows\system32;C:\Windows;C:\Windows\System32\Wbem;C:\Windows\System32\WindowsPowerShell\v1.0\;C:\Program Files (x86)\Intel\Intel(R) Management Engine Components\DAL;C:\Program Files\Intel\Intel(R) Management Engine Components\DAL;C:\Program Files (x86)\Intel\Intel(R) Management Engine Components\IPT;C:\Program Files\Intel\Intel(R) Management Engine Components\IPT;C:\Program Files (x86)\NVIDIA Corporation\PhysX\Common;C:\Program Files\Intel\WiFi\bin\;C:\Program Files\Common Files\Intel\WirelessCommon\;D:\Vscode\Microsoft VS Code\bin;C:\WINDOWS\system32;C:\WINDOWS;C:\WINDOWS\System32\Wbem;C:\WINDOWS\System32\WindowsPowerShell\v1.0\;C:\WINDOWS\System32\OpenSSH\;C:\Program Files\MySQL\MySQL Server 5.5\bin;D:\apache-maven-3.5.4\bin;D:\SVN\bin;D:\SVN server\bin;C:\Users\常帅\AppData\Local\Microsoft\WindowsApps;C:\Program Files (x86)\SSH Communications Security\SSH Secure Shell;C:\Users\常帅\AppData\Local\GitHubDesktop\bin;.]
2018-11-13 18:31:47.674  INFO 17260 --- [main] o.a.c.c.C.[Tomcat].[localhost].[/]       : Initializing Spring embedded WebApplicationContext
2018-11-13 18:31:47.675  INFO 17260 --- [main] o.s.web.context.ContextLoader            : Root WebApplicationContext: initialization completed in 1829 ms
2018-11-13 18:31:47.706  INFO 17260 --- [main] o.s.b.w.servlet.ServletRegistrationBean  : Servlet dispatcherServlet mapped to [/]
2018-11-13 18:31:47.711  INFO 17260 --- [main] o.s.b.w.servlet.FilterRegistrationBean   : Mapping filter: 'characterEncodingFilter' to: [/*]
2018-11-13 18:31:47.712  INFO 17260 --- [main] o.s.b.w.servlet.FilterRegistrationBean   : Mapping filter: 'hiddenHttpMethodFilter' to: [/*]
2018-11-13 18:31:47.712  INFO 17260 --- [main] o.s.b.w.servlet.FilterRegistrationBean   : Mapping filter: 'formContentFilter' to: [/*]
2018-11-13 18:31:47.712  INFO 17260 --- [main] o.s.b.w.servlet.FilterRegistrationBean   : Mapping filter: 'requestContextFilter' to: [/*]
2018-11-13 18:31:48.119  INFO 17260 --- [main] pertySourcedRequestMappingHandlerMapping : Mapped URL path [/v2/api-docs] onto method [public org.springframework.http.ResponseEntity<springfox.documentation.spring.web.json.Json> springfox.documentation.swagger2.web.Swagger2Controller.getDocumentation(java.lang.String,javax.servlet.http.HttpServletRequest)]
2018-11-13 18:31:48.234  INFO 17260 --- [main] o.s.s.concurrent.ThreadPoolTaskExecutor  : Initializing ExecutorService 'applicationTaskExecutor'
2018-11-13 18:31:48.537  INFO 17260 --- [main] d.s.w.p.DocumentationPluginsBootstrapper : Context refreshed
2018-11-13 18:31:48.631  INFO 17260 --- [main] d.s.w.p.DocumentationPluginsBootstrapper : Found 1 custom documentation plugin(s)
2018-11-13 18:31:48.659  INFO 17260 --- [main] s.d.s.w.s.ApiListingReferenceScanner     : Scanning for api listing references
2018-11-13 18:31:48.703  INFO 17260 --- [main] o.s.b.w.embedded.tomcat.TomcatWebServer  : Tomcat started on port(s): 8080 (http) with context path ''
2018-11-13 18:31:48.706  INFO 17260 --- [main] com.wzzm.order.OrderApplication          : Started OrderApplication in 3.585 seconds (JVM running for 5.159)
2018-11-13 18:31:48.709  INFO 17260 --- [main] com.wzzm.order.OrderApplication          : SpringBoot加载完毕
2018-11-13 18:34:56.126  INFO 5596 --- [main] com.wzzm.goods.GoodsApplication          : Starting GoodsApplication on LAPTOP-CN3FPRD6 with PID 5596 (E:\ideaWorkSpace\huayunya\goods\target\classes started by 常帅 in E:\ideaWorkSpace\huayunya)
2018-11-13 18:34:56.127  INFO 5596 --- [main] com.wzzm.goods.GoodsApplication          : The following profiles are active: dev
2018-11-13 18:34:57.094  WARN 5596 --- [main] o.m.s.mapper.ClassPathMapperScanner      : No MyBatis mapper was found in '[com.wzzm.goods]' package. Please check your configuration.
2018-11-13 18:34:57.365  INFO 5596 --- [main] trationDelegate$BeanPostProcessorChecker : Bean 'org.springframework.transaction.annotation.ProxyTransactionManagementConfiguration' of type [org.springframework.transaction.annotation.ProxyTransactionManagementConfiguration$$EnhancerBySpringCGLIB$$5f17317] is not eligible for getting processed by all BeanPostProcessors (for example: not eligible for auto-proxying)
2018-11-13 18:34:57.698  INFO 5596 --- [main] o.s.b.w.embedded.tomcat.TomcatWebServer  : Tomcat initialized with port(s): 8080 (http)
2018-11-13 18:34:57.714  INFO 5596 --- [main] o.apache.catalina.core.StandardService   : Starting service [Tomcat]
2018-11-13 18:34:57.714  INFO 5596 --- [main] org.apache.catalina.core.StandardEngine  : Starting Servlet Engine: Apache Tomcat/9.0.12
2018-11-13 18:34:57.720  INFO 5596 --- [main] o.a.catalina.core.AprLifecycleListener   : The APR based Apache Tomcat Native library which allows optimal performance in production environments was not found on the java.library.path: [C:\Program Files\Java\jdk1.8.0_181\bin;C:\WINDOWS\Sun\Java\bin;C:\WINDOWS\system32;C:\WINDOWS;C:\Program Files (x86)\Common Files\Oracle\Java\javapath;%JAVA_HOME%\bin;%JAVA_HOME%\jre\bin;C:\Program Files (x86)\Intel\iCLS Client\;C:\Program Files\Intel\iCLS Client\;C:\Windows\system32;C:\Windows;C:\Windows\System32\Wbem;C:\Windows\System32\WindowsPowerShell\v1.0\;C:\Program Files (x86)\Intel\Intel(R) Management Engine Components\DAL;C:\Program Files\Intel\Intel(R) Management Engine Components\DAL;C:\Program Files (x86)\Intel\Intel(R) Management Engine Components\IPT;C:\Program Files\Intel\Intel(R) Management Engine Components\IPT;C:\Program Files (x86)\NVIDIA Corporation\PhysX\Common;C:\Program Files\Intel\WiFi\bin\;C:\Program Files\Common Files\Intel\WirelessCommon\;D:\Vscode\Microsoft VS Code\bin;C:\WINDOWS\system32;C:\WINDOWS;C:\WINDOWS\System32\Wbem;C:\WINDOWS\System32\WindowsPowerShell\v1.0\;C:\WINDOWS\System32\OpenSSH\;C:\Program Files\MySQL\MySQL Server 5.5\bin;D:\apache-maven-3.5.4\bin;D:\SVN\bin;D:\SVN server\bin;C:\Users\常帅\AppData\Local\Microsoft\WindowsApps;C:\Program Files (x86)\SSH Communications Security\SSH Secure Shell;C:\Users\常帅\AppData\Local\GitHubDesktop\bin;.]
2018-11-13 18:34:57.858  INFO 5596 --- [main] o.a.c.c.C.[Tomcat].[localhost].[/]       : Initializing Spring embedded WebApplicationContext
2018-11-13 18:34:57.859  INFO 5596 --- [main] o.s.web.context.ContextLoader            : Root WebApplicationContext: initialization completed in 1668 ms
2018-11-13 18:34:57.888  INFO 5596 --- [main] o.s.b.w.servlet.ServletRegistrationBean  : Servlet dispatcherServlet mapped to [/]
2018-11-13 18:34:57.893  INFO 5596 --- [main] o.s.b.w.servlet.FilterRegistrationBean   : Mapping filter: 'characterEncodingFilter' to: [/*]
2018-11-13 18:34:57.894  INFO 5596 --- [main] o.s.b.w.servlet.FilterRegistrationBean   : Mapping filter: 'hiddenHttpMethodFilter' to: [/*]
2018-11-13 18:34:57.894  INFO 5596 --- [main] o.s.b.w.servlet.FilterRegistrationBean   : Mapping filter: 'formContentFilter' to: [/*]
2018-11-13 18:34:57.894  INFO 5596 --- [main] o.s.b.w.servlet.FilterRegistrationBean   : Mapping filter: 'requestContextFilter' to: [/*]
2018-11-13 18:34:58.270  INFO 5596 --- [main] pertySourcedRequestMappingHandlerMapping : Mapped URL path [/v2/api-docs] onto method [public org.springframework.http.ResponseEntity<springfox.documentation.spring.web.json.Json> springfox.documentation.swagger2.web.Swagger2Controller.getDocumentation(java.lang.String,javax.servlet.http.HttpServletRequest)]
2018-11-13 18:34:58.394  INFO 5596 --- [main] o.s.s.concurrent.ThreadPoolTaskExecutor  : Initializing ExecutorService 'applicationTaskExecutor'
2018-11-13 18:34:58.815  INFO 5596 --- [main] d.s.w.p.DocumentationPluginsBootstrapper : Context refreshed
2018-11-13 18:34:58.831  INFO 5596 --- [main] d.s.w.p.DocumentationPluginsBootstrapper : Found 1 custom documentation plugin(s)
2018-11-13 18:34:58.862  INFO 5596 --- [main] s.d.s.w.s.ApiListingReferenceScanner     : Scanning for api listing references
2018-11-13 18:34:58.906  INFO 5596 --- [main] o.s.b.w.embedded.tomcat.TomcatWebServer  : Tomcat started on port(s): 8080 (http) with context path ''
2018-11-13 18:34:58.909  INFO 5596 --- [main] com.wzzm.goods.GoodsApplication          : Started GoodsApplication in 3.372 seconds (JVM running for 4.89)
2018-11-13 18:34:58.911  INFO 5596 --- [main] com.wzzm.goods.GoodsApplication          : SpringBoot加载完毕
2018-11-13 18:47:07.521  INFO 17692 --- [main] com.wzzm.naddress.NaddressApplication    : Starting NaddressApplication on LAPTOP-CN3FPRD6 with PID 17692 (E:\ideaWorkSpace\huayunya\naddress\target\classes started by 常帅 in E:\ideaWorkSpace\huayunya)
2018-11-13 18:47:07.523  INFO 17692 --- [main] com.wzzm.naddress.NaddressApplication    : The following profiles are active: dev
2018-11-13 18:47:08.638  WARN 17692 --- [main] o.m.s.mapper.ClassPathMapperScanner      : No MyBatis mapper was found in '[com.wzzm.naddress]' package. Please check your configuration.
2018-11-13 18:47:08.908  INFO 17692 --- [main] trationDelegate$BeanPostProcessorChecker : Bean 'org.springframework.transaction.annotation.ProxyTransactionManagementConfiguration' of type [org.springframework.transaction.annotation.ProxyTransactionManagementConfiguration$$EnhancerBySpringCGLIB$$1a083213] is not eligible for getting processed by all BeanPostProcessors (for example: not eligible for auto-proxying)
2018-11-13 18:47:09.240  INFO 17692 --- [main] o.s.b.w.embedded.tomcat.TomcatWebServer  : Tomcat initialized with port(s): 8080 (http)
2018-11-13 18:47:09.255  INFO 17692 --- [main] o.apache.catalina.core.StandardService   : Starting service [Tomcat]
2018-11-13 18:47:09.255  INFO 17692 --- [main] org.apache.catalina.core.StandardEngine  : Starting Servlet Engine: Apache Tomcat/9.0.12
2018-11-13 18:47:09.262  INFO 17692 --- [main] o.a.catalina.core.AprLifecycleListener   : The APR based Apache Tomcat Native library which allows optimal performance in production environments was not found on the java.library.path: [C:\Program Files\Java\jdk1.8.0_181\bin;C:\WINDOWS\Sun\Java\bin;C:\WINDOWS\system32;C:\WINDOWS;C:\Program Files (x86)\Common Files\Oracle\Java\javapath;%JAVA_HOME%\bin;%JAVA_HOME%\jre\bin;C:\Program Files (x86)\Intel\iCLS Client\;C:\Program Files\Intel\iCLS Client\;C:\Windows\system32;C:\Windows;C:\Windows\System32\Wbem;C:\Windows\System32\WindowsPowerShell\v1.0\;C:\Program Files (x86)\Intel\Intel(R) Management Engine Components\DAL;C:\Program Files\Intel\Intel(R) Management Engine Components\DAL;C:\Program Files (x86)\Intel\Intel(R) Management Engine Components\IPT;C:\Program Files\Intel\Intel(R) Management Engine Components\IPT;C:\Program Files (x86)\NVIDIA Corporation\PhysX\Common;C:\Program Files\Intel\WiFi\bin\;C:\Program Files\Common Files\Intel\WirelessCommon\;D:\Vscode\Microsoft VS Code\bin;C:\WINDOWS\system32;C:\WINDOWS;C:\WINDOWS\System32\Wbem;C:\WINDOWS\System32\WindowsPowerShell\v1.0\;C:\WINDOWS\System32\OpenSSH\;C:\Program Files\MySQL\MySQL Server 5.5\bin;D:\apache-maven-3.5.4\bin;D:\SVN\bin;D:\SVN server\bin;C:\Users\常帅\AppData\Local\Microsoft\WindowsApps;C:\Program Files (x86)\SSH Communications Security\SSH Secure Shell;C:\Users\常帅\AppData\Local\GitHubDesktop\bin;.]
2018-11-13 18:47:09.399  INFO 17692 --- [main] o.a.c.c.C.[Tomcat].[localhost].[/]       : Initializing Spring embedded WebApplicationContext
2018-11-13 18:47:09.399  INFO 17692 --- [main] o.s.web.context.ContextLoader            : Root WebApplicationContext: initialization completed in 1802 ms
2018-11-13 18:47:09.430  INFO 17692 --- [main] o.s.b.w.servlet.ServletRegistrationBean  : Servlet dispatcherServlet mapped to [/]
2018-11-13 18:47:09.433  INFO 17692 --- [main] o.s.b.w.servlet.FilterRegistrationBean   : Mapping filter: 'characterEncodingFilter' to: [/*]
2018-11-13 18:47:09.434  INFO 17692 --- [main] o.s.b.w.servlet.FilterRegistrationBean   : Mapping filter: 'hiddenHttpMethodFilter' to: [/*]
2018-11-13 18:47:09.434  INFO 17692 --- [main] o.s.b.w.servlet.FilterRegistrationBean   : Mapping filter: 'formContentFilter' to: [/*]
2018-11-13 18:47:09.434  INFO 17692 --- [main] o.s.b.w.servlet.FilterRegistrationBean   : Mapping filter: 'requestContextFilter' to: [/*]
2018-11-13 18:47:09.797  INFO 17692 --- [main] pertySourcedRequestMappingHandlerMapping : Mapped URL path [/v2/api-docs] onto method [public org.springframework.http.ResponseEntity<springfox.documentation.spring.web.json.Json> springfox.documentation.swagger2.web.Swagger2Controller.getDocumentation(java.lang.String,javax.servlet.http.HttpServletRequest)]
2018-11-13 18:47:09.919  INFO 17692 --- [main] o.s.s.concurrent.ThreadPoolTaskExecutor  : Initializing ExecutorService 'applicationTaskExecutor'
2018-11-13 18:47:10.322  INFO 17692 --- [main] d.s.w.p.DocumentationPluginsBootstrapper : Context refreshed
2018-11-13 18:47:10.340  INFO 17692 --- [main] d.s.w.p.DocumentationPluginsBootstrapper : Found 1 custom documentation plugin(s)
2018-11-13 18:47:10.371  INFO 17692 --- [main] s.d.s.w.s.ApiListingReferenceScanner     : Scanning for api listing references
2018-11-13 18:47:10.415  INFO 17692 --- [main] o.s.b.w.embedded.tomcat.TomcatWebServer  : Tomcat started on port(s): 8080 (http) with context path ''
2018-11-13 18:47:10.418  INFO 17692 --- [main] com.wzzm.naddress.NaddressApplication    : Started NaddressApplication in 3.449 seconds (JVM running for 4.961)
2018-11-13 18:47:10.420  INFO 17692 --- [main] com.wzzm.naddress.NaddressApplication    : springBoot加载完毕
2018-11-13 18:51:16.867  INFO 3048 --- [main] com.wzzm.collect.CollectApplication      : Starting CollectApplication on LAPTOP-CN3FPRD6 with PID 3048 (E:\ideaWorkSpace\huayunya\collect\target\classes started by 常帅 in E:\ideaWorkSpace\huayunya)
2018-11-13 18:51:16.869  INFO 3048 --- [main] com.wzzm.collect.CollectApplication      : The following profiles are active: dev
2018-11-13 18:51:17.763  WARN 3048 --- [main] o.m.s.mapper.ClassPathMapperScanner      : No MyBatis mapper was found in '[com.wzzm.collect]' package. Please check your configuration.
2018-11-13 18:51:18.049  INFO 3048 --- [main] trationDelegate$BeanPostProcessorChecker : Bean 'org.springframework.transaction.annotation.ProxyTransactionManagementConfiguration' of type [org.springframework.transaction.annotation.ProxyTransactionManagementConfiguration$$EnhancerBySpringCGLIB$$bae609c9] is not eligible for getting processed by all BeanPostProcessors (for example: not eligible for auto-proxying)
2018-11-13 18:51:18.373  INFO 3048 --- [main] o.s.b.w.embedded.tomcat.TomcatWebServer  : Tomcat initialized with port(s): 8080 (http)
2018-11-13 18:51:18.389  INFO 3048 --- [main] o.apache.catalina.core.StandardService   : Starting service [Tomcat]
2018-11-13 18:51:18.390  INFO 3048 --- [main] org.apache.catalina.core.StandardEngine  : Starting Servlet Engine: Apache Tomcat/9.0.12
2018-11-13 18:51:18.397  INFO 3048 --- [main] o.a.catalina.core.AprLifecycleListener   : The APR based Apache Tomcat Native library which allows optimal performance in production environments was not found on the java.library.path: [C:\Program Files\Java\jdk1.8.0_181\bin;C:\WINDOWS\Sun\Java\bin;C:\WINDOWS\system32;C:\WINDOWS;C:\Program Files (x86)\Common Files\Oracle\Java\javapath;%JAVA_HOME%\bin;%JAVA_HOME%\jre\bin;C:\Program Files (x86)\Intel\iCLS Client\;C:\Program Files\Intel\iCLS Client\;C:\Windows\system32;C:\Windows;C:\Windows\System32\Wbem;C:\Windows\System32\WindowsPowerShell\v1.0\;C:\Program Files (x86)\Intel\Intel(R) Management Engine Components\DAL;C:\Program Files\Intel\Intel(R) Management Engine Components\DAL;C:\Program Files (x86)\Intel\Intel(R) Management Engine Components\IPT;C:\Program Files\Intel\Intel(R) Management Engine Components\IPT;C:\Program Files (x86)\NVIDIA Corporation\PhysX\Common;C:\Program Files\Intel\WiFi\bin\;C:\Program Files\Common Files\Intel\WirelessCommon\;D:\Vscode\Microsoft VS Code\bin;C:\WINDOWS\system32;C:\WINDOWS;C:\WINDOWS\System32\Wbem;C:\WINDOWS\System32\WindowsPowerShell\v1.0\;C:\WINDOWS\System32\OpenSSH\;C:\Program Files\MySQL\MySQL Server 5.5\bin;D:\apache-maven-3.5.4\bin;D:\SVN\bin;D:\SVN server\bin;C:\Users\常帅\AppData\Local\Microsoft\WindowsApps;C:\Program Files (x86)\SSH Communications Security\SSH Secure Shell;C:\Users\常帅\AppData\Local\GitHubDesktop\bin;.]
2018-11-13 18:51:18.534  INFO 3048 --- [main] o.a.c.c.C.[Tomcat].[localhost].[/]       : Initializing Spring embedded WebApplicationContext
2018-11-13 18:51:18.534  INFO 3048 --- [main] o.s.web.context.ContextLoader            : Root WebApplicationContext: initialization completed in 1619 ms
2018-11-13 18:51:18.564  INFO 3048 --- [main] o.s.b.w.servlet.ServletRegistrationBean  : Servlet dispatcherServlet mapped to [/]
2018-11-13 18:51:18.568  INFO 3048 --- [main] o.s.b.w.servlet.FilterRegistrationBean   : Mapping filter: 'characterEncodingFilter' to: [/*]
2018-11-13 18:51:18.569  INFO 3048 --- [main] o.s.b.w.servlet.FilterRegistrationBean   : Mapping filter: 'hiddenHttpMethodFilter' to: [/*]
2018-11-13 18:51:18.569  INFO 3048 --- [main] o.s.b.w.servlet.FilterRegistrationBean   : Mapping filter: 'formContentFilter' to: [/*]
2018-11-13 18:51:18.569  INFO 3048 --- [main] o.s.b.w.servlet.FilterRegistrationBean   : Mapping filter: 'requestContextFilter' to: [/*]
2018-11-13 18:51:18.936  INFO 3048 --- [main] pertySourcedRequestMappingHandlerMapping : Mapped URL path [/v2/api-docs] onto method [public org.springframework.http.ResponseEntity<springfox.documentation.spring.web.json.Json> springfox.documentation.swagger2.web.Swagger2Controller.getDocumentation(java.lang.String,javax.servlet.http.HttpServletRequest)]
2018-11-13 18:51:19.059  INFO 3048 --- [main] o.s.s.concurrent.ThreadPoolTaskExecutor  : Initializing ExecutorService 'applicationTaskExecutor'
2018-11-13 18:51:19.459  INFO 3048 --- [main] d.s.w.p.DocumentationPluginsBootstrapper : Context refreshed
2018-11-13 18:51:19.478  INFO 3048 --- [main] d.s.w.p.DocumentationPluginsBootstrapper : Found 1 custom documentation plugin(s)
2018-11-13 18:51:19.505  INFO 3048 --- [main] s.d.s.w.s.ApiListingReferenceScanner     : Scanning for api listing references
2018-11-13 18:51:19.549  INFO 3048 --- [main] o.s.b.w.embedded.tomcat.TomcatWebServer  : Tomcat started on port(s): 8080 (http) with context path ''
2018-11-13 18:51:19.553  INFO 3048 --- [main] com.wzzm.collect.CollectApplication      : Started CollectApplication in 3.381 seconds (JVM running for 4.98)
2018-11-13 18:51:19.555  INFO 3048 --- [main] com.wzzm.collect.CollectApplication      : SpringBoot加载完毕
2018-11-13 18:53:18.059  INFO 24208 --- [main] com.wzzm.login.LoginApplication          : Starting LoginApplication on LAPTOP-CN3FPRD6 with PID 24208 (E:\ideaWorkSpace\huayunya\login\target\classes started by 常帅 in E:\ideaWorkSpace\huayunya)
2018-11-13 18:53:18.060  INFO 24208 --- [main] com.wzzm.login.LoginApplication          : The following profiles are active: dev
2018-11-13 18:53:19.366  INFO 24208 --- [main] trationDelegate$BeanPostProcessorChecker : Bean 'org.springframework.transaction.annotation.ProxyTransactionManagementConfiguration' of type [org.springframework.transaction.annotation.ProxyTransactionManagementConfiguration$$EnhancerBySpringCGLIB$$851d1216] is not eligible for getting processed by all BeanPostProcessors (for example: not eligible for auto-proxying)
2018-11-13 18:53:19.702  INFO 24208 --- [main] o.s.b.w.embedded.tomcat.TomcatWebServer  : Tomcat initialized with port(s): 8080 (http)
2018-11-13 18:53:19.719  INFO 24208 --- [main] o.apache.catalina.core.StandardService   : Starting service [Tomcat]
2018-11-13 18:53:19.720  INFO 24208 --- [main] org.apache.catalina.core.StandardEngine  : Starting Servlet Engine: Apache Tomcat/9.0.12
2018-11-13 18:53:19.729  INFO 24208 --- [main] o.a.catalina.core.AprLifecycleListener   : The APR based Apache Tomcat Native library which allows optimal performance in production environments was not found on the java.library.path: [C:\Program Files\Java\jdk1.8.0_181\bin;C:\WINDOWS\Sun\Java\bin;C:\WINDOWS\system32;C:\WINDOWS;C:\Program Files (x86)\Common Files\Oracle\Java\javapath;%JAVA_HOME%\bin;%JAVA_HOME%\jre\bin;C:\Program Files (x86)\Intel\iCLS Client\;C:\Program Files\Intel\iCLS Client\;C:\Windows\system32;C:\Windows;C:\Windows\System32\Wbem;C:\Windows\System32\WindowsPowerShell\v1.0\;C:\Program Files (x86)\Intel\Intel(R) Management Engine Components\DAL;C:\Program Files\Intel\Intel(R) Management Engine Components\DAL;C:\Program Files (x86)\Intel\Intel(R) Management Engine Components\IPT;C:\Program Files\Intel\Intel(R) Management Engine Components\IPT;C:\Program Files (x86)\NVIDIA Corporation\PhysX\Common;C:\Program Files\Intel\WiFi\bin\;C:\Program Files\Common Files\Intel\WirelessCommon\;D:\Vscode\Microsoft VS Code\bin;C:\WINDOWS\system32;C:\WINDOWS;C:\WINDOWS\System32\Wbem;C:\WINDOWS\System32\WindowsPowerShell\v1.0\;C:\WINDOWS\System32\OpenSSH\;C:\Program Files\MySQL\MySQL Server 5.5\bin;D:\apache-maven-3.5.4\bin;D:\SVN\bin;D:\SVN server\bin;C:\Users\常帅\AppData\Local\Microsoft\WindowsApps;C:\Program Files (x86)\SSH Communications Security\SSH Secure Shell;C:\Users\常帅\AppData\Local\GitHubDesktop\bin;.]
2018-11-13 18:53:19.867  INFO 24208 --- [main] o.a.c.c.C.[Tomcat].[localhost].[/]       : Initializing Spring embedded WebApplicationContext
2018-11-13 18:53:19.868  INFO 24208 --- [main] o.s.web.context.ContextLoader            : Root WebApplicationContext: initialization completed in 1766 ms
2018-11-13 18:53:19.896  INFO 24208 --- [main] o.s.b.w.servlet.ServletRegistrationBean  : Servlet dispatcherServlet mapped to [/]
2018-11-13 18:53:19.900  INFO 24208 --- [main] o.s.b.w.servlet.FilterRegistrationBean   : Mapping filter: 'characterEncodingFilter' to: [/*]
2018-11-13 18:53:19.900  INFO 24208 --- [main] o.s.b.w.servlet.FilterRegistrationBean   : Mapping filter: 'hiddenHttpMethodFilter' to: [/*]
2018-11-13 18:53:19.901  INFO 24208 --- [main] o.s.b.w.servlet.FilterRegistrationBean   : Mapping filter: 'formContentFilter' to: [/*]
2018-11-13 18:53:19.901  INFO 24208 --- [main] o.s.b.w.servlet.FilterRegistrationBean   : Mapping filter: 'requestContextFilter' to: [/*]
2018-11-13 18:53:20.566  INFO 24208 --- [main] pertySourcedRequestMappingHandlerMapping : Mapped URL path [/v2/api-docs] onto method [public org.springframework.http.ResponseEntity<springfox.documentation.spring.web.json.Json> springfox.documentation.swagger2.web.Swagger2Controller.getDocumentation(java.lang.String,javax.servlet.http.HttpServletRequest)]
2018-11-13 18:53:20.688  INFO 24208 --- [main] o.s.s.concurrent.ThreadPoolTaskExecutor  : Initializing ExecutorService 'applicationTaskExecutor'
2018-11-13 18:53:20.901  INFO 24208 --- [main] d.s.w.p.DocumentationPluginsBootstrapper : Context refreshed
2018-11-13 18:53:20.918  INFO 24208 --- [main] d.s.w.p.DocumentationPluginsBootstrapper : Found 1 custom documentation plugin(s)
2018-11-13 18:53:20.951  INFO 24208 --- [main] s.d.s.w.s.ApiListingReferenceScanner     : Scanning for api listing references
2018-11-13 18:53:21.113  INFO 24208 --- [main] o.s.b.w.embedded.tomcat.TomcatWebServer  : Tomcat started on port(s): 8080 (http) with context path ''
2018-11-13 18:53:21.117  INFO 24208 --- [main] com.wzzm.login.LoginApplication          : Started LoginApplication in 3.59 seconds (JVM running for 4.772)
2018-11-13 18:53:21.119  INFO 24208 --- [main] com.wzzm.login.LoginApplication          : SpringBoot加载完毕
